2016/03/07 17:32:55 [error] [php] Undefined variable: model (E:\htdocs\ebangon.com\api\protected\controllers\MerchantController.php:87)
Stack trace:
#0 E:\htdocs\ebangon.com\Yii\web\filters\CFilterChain.php(133): MerchantController->runAction()
#1 E:\htdocs\ebangon.com\api\protected\components\ApiController.php(59): CFilterChain->run()
#2 E:\htdocs\ebangon.com\Yii\web\filters\CInlineFilter.php(58): MerchantController->filterCheckLogin()
#3 E:\htdocs\ebangon.com\Yii\web\filters\CFilterChain.php(130): CInlineFilter->filter()
#4 E:\htdocs\ebangon.com\Yii\web\CController.php(291): CFilterChain->run()
#5 E:\htdocs\ebangon.com\Yii\web\CController.php(265): MerchantController->runActionWithFilters()
#6 E:\htdocs\ebangon.com\Yii\web\CWebApplication.php(282): MerchantController->run()
#7 E:\htdocs\ebangon.com\Yii\web\CWebApplication.php(141): CWebApplication->runController()
#8 E:\htdocs\ebangon.com\Yii\base\CApplication.php(184): CWebApplication->processRequest()
#9 E:\htdocs\ebangon.com\api\index.php(17): CWebApplication->run()
REQUEST_URI=/api/merchant.login
2016/03/08 11:33:54 [error] [system.db.CDbCommand] CDbCommand::fetch() failed: SQLSTATE[42S02]: Base table or view not found: 1146 Table 'ebangon.user_mercahnt' doesn't exist. The SQL statement executed was: SELECT uid,mer_card FROM user_mercahnt WHERE uid=105.
2016/03/08 11:33:54 [error] [exception.CDbException] exception 'CDbException' with message 'CDbCommand 无法执行 SQL 语句: SQLSTATE[42S02]: Base table or view not found: 1146 Table 'ebangon.user_mercahnt' doesn't exist' in F:\phpEnve\Apache\htdocs\ebg\Yii\db\CDbCommand.php:543
Stack trace:
#0 F:\phpEnve\Apache\htdocs\ebg\Yii\db\CDbCommand.php(415): CDbCommand->queryInternal('fetch', Array, Array)
#1 F:\phpEnve\Apache\htdocs\ebg\Yii\extensions\ebg\ExtModels.php(47): CDbCommand->queryRow(true, Array)
#2 F:\phpEnve\Apache\htdocs\ebg\merApi\protected\models\Personal.php(242): ExtModels->queryRow('SELECT uid,mer_...')
#3 F:\phpEnve\Apache\htdocs\ebg\merApi\protected\controllers\PersonalController.php(191): Personal->modify_user_info(Object(PersonForm))
#4 F:\phpEnve\Apache\htdocs\ebg\Yii\web\actions\CInlineAction.php(49): PersonalController->actionStoreInfo()
#5 F:\phpEnve\Apache\htdocs\ebg\Yii\web\CController.php(308): CInlineAction->runWithParams(Array)
#6 F:\phpEnve\Apache\htdocs\ebg\Yii\web\filters\CFilterChain.php(133): CController->runAction(Object(CInlineAction))
#7 F:\phpEnve\Apache\htdocs\ebg\merApi\protected\components\ApiController.php(59): CFilterChain->run()
#8 F:\phpEnve\Apache\htdocs\ebg\Yii\web\filters\CInlineFilter.php(58): ApiController->filterCheckLogin(Object(CFilterChain))
#9 F:\phpEnve\Apache\htdocs\ebg\Yii\web\filters\CFilterChain.php(130): CInlineFilter->filter(Object(CFilterChain))
#10 F:\phpEnve\Apache\htdocs\ebg\Yii\web\CController.php(291): CFilterChain->run()
#11 F:\phpEnve\Apache\htdocs\ebg\Yii\web\CController.php(265): CController->runActionWithFilters(Object(CInlineAction), Array)
#12 F:\phpEnve\Apache\htdocs\ebg\Yii\web\CWebApplication.php(282): CController->run('storeInfo')
#13 F:\phpEnve\Apache\htdocs\ebg\Yii\web\CWebApplication.php(141): CWebApplication->runController('personal/storeI...')
#14 F:\phpEnve\Apache\htdocs\ebg\Yii\base\CApplication.php(184): CWebApplication->processRequest()
#15 F:\phpEnve\Apache\htdocs\ebg\merApi\index.php(17): CApplication->run()
#16 {main}
REQUEST_URI=/merApi/personal.storeInfo
---
2016/03/08 11:39:40 [error] [system.db.CDbCommand] CDbCommand::fetch() failed: SQLSTATE[42S02]: Base table or view not found: 1146 Table 'ebangon.user_mercahnt' doesn't exist. The SQL statement executed was: SELECT uid,mer_card FROM user_mercahnt WHERE uid=105.
2016/03/08 11:39:40 [error] [exception.CDbException] exception 'CDbException' with message 'CDbCommand 无法执行 SQL 语句: SQLSTATE[42S02]: Base table or view not found: 1146 Table 'ebangon.user_mercahnt' doesn't exist' in F:\phpEnve\Apache\htdocs\ebg\Yii\db\CDbCommand.php:543
Stack trace:
#0 F:\phpEnve\Apache\htdocs\ebg\Yii\db\CDbCommand.php(415): CDbCommand->queryInternal('fetch', Array, Array)
#1 F:\phpEnve\Apache\htdocs\ebg\merApi\protected\models\Personal.php(243): CDbCommand->queryRow(true)
#2 F:\phpEnve\Apache\htdocs\ebg\merApi\protected\controllers\PersonalController.php(191): Personal->modify_user_info(Object(PersonForm))
#3 F:\phpEnve\Apache\htdocs\ebg\Yii\web\actions\CInlineAction.php(49): PersonalController->actionStoreInfo()
#4 F:\phpEnve\Apache\htdocs\ebg\Yii\web\CController.php(308): CInlineAction->runWithParams(Array)
#5 F:\phpEnve\Apache\htdocs\ebg\Yii\web\filters\CFilterChain.php(133): CController->runAction(Object(CInlineAction))
#6 F:\phpEnve\Apache\htdocs\ebg\merApi\protected\components\ApiController.php(59): CFilterChain->run()
#7 F:\phpEnve\Apache\htdocs\ebg\Yii\web\filters\CInlineFilter.php(58): ApiController->filterCheckLogin(Object(CFilterChain))
#8 F:\phpEnve\Apache\htdocs\ebg\Yii\web\filters\CFilterChain.php(130): CInlineFilter->filter(Object(CFilterChain))
#9 F:\phpEnve\Apache\htdocs\ebg\Yii\web\CController.php(291): CFilterChain->run()
#10 F:\phpEnve\Apache\htdocs\ebg\Yii\web\CController.php(265): CController->runActionWithFilters(Object(CInlineAction), Array)
#11 F:\phpEnve\Apache\htdocs\ebg\Yii\web\CWebApplication.php(282): CController->run('storeInfo')
#12 F:\phpEnve\Apache\htdocs\ebg\Yii\web\CWebApplication.php(141): CWebApplication->runController('personal/storeI...')
#13 F:\phpEnve\Apache\htdocs\ebg\Yii\base\CApplication.php(184): CWebApplication->processRequest()
#14 F:\phpEnve\Apache\htdocs\ebg\merApi\index.php(17): CApplication->run()
#15 {main}
REQUEST_URI=/merApi/personal.storeInfo
---
2016/03/09 16:06:51 [error] [system.db.CDbCommand] CDbCommand::execute() failed: SQLSTATE[42000]: Syntax error or access violation: 1064 You have an error in your SQL syntax; check the manual that corresponds to your MySQL server version for the right syntax to use near '' at line 1. The SQL statement executed was: DELETE FROM `supply_rapaport` WHERE id=.
2016/03/09 16:06:53 [error] [system.db.CDbCommand] CDbCommand::execute() failed: SQLSTATE[42000]: Syntax error or access violation: 1064 You have an error in your SQL syntax; check the manual that corresponds to your MySQL server version for the right syntax to use near '' at line 1. The SQL statement executed was: DELETE FROM `supply_rapaport` WHERE id=.
2016/03/09 16:33:53 [error] [system.db.CDbCommand] CDbCommand::fetch() failed: SQLSTATE[42000]: Syntax error or access violation: 1064 You have an error in your SQL syntax; check the manual that corresponds to your MySQL server version for the right syntax to use near '' at line 1. The SQL statement executed was: SELECT * FROM supply_goods AS s left JOIN user_merchant AS m ON s.merchant_id= m.uid where s.id=80 AND type=.
2016/03/09 16:33:53 [error] [exception.CDbException] exception 'CDbException' with message 'CDbCommand 无法执行 SQL 语句: SQLSTATE[42000]: Syntax error or access violation: 1064 You have an error in your SQL syntax; check the manual that corresponds to your MySQL server version for the right syntax to use near '' at line 1' in F:\phpEnve\Apache\htdocs\ebg\Yii\db\CDbCommand.php:543
Stack trace:
#0 F:\phpEnve\Apache\htdocs\ebg\Yii\db\CDbCommand.php(415): CDbCommand->queryInternal('fetch', Array, Array)
#1 F:\phpEnve\Apache\htdocs\ebg\Yii\extensions\ebg\ExtModels.php(47): CDbCommand->queryRow(true, Array)
#2 F:\phpEnve\Apache\htdocs\ebg\merApi\protected\models\Supply.php(309): ExtModels->queryRow('SELECT * FROM s...')
#3 F:\phpEnve\Apache\htdocs\ebg\merApi\protected\models\Supply.php(296): Supply->getInfo(80, NULL)
#4 F:\phpEnve\Apache\htdocs\ebg\merApi\protected\controllers\SupplyController.php(317): Supply->getDemandShow(80, Object(CPagination), 1, NULL)
#5 F:\phpEnve\Apache\htdocs\ebg\Yii\web\actions\CInlineAction.php(49): SupplyController->actionDemandShow()
#6 F:\phpEnve\Apache\htdocs\ebg\Yii\web\CController.php(308): CInlineAction->runWithParams(Array)
#7 F:\phpEnve\Apache\htdocs\ebg\Yii\web\filters\CFilterChain.php(133): CController->runAction(Object(CInlineAction))
#8 F:\phpEnve\Apache\htdocs\ebg\merApi\protected\components\ApiController.php(59): CFilterChain->run()
#9 F:\phpEnve\Apache\htdocs\ebg\Yii\web\filters\CInlineFilter.php(58): ApiController->filterCheckLogin(Object(CFilterChain))
#10 F:\phpEnve\Apache\htdocs\ebg\Yii\web\filters\CFilterChain.php(130): CInlineFilter->filter(Object(CFilterChain))
#11 F:\phpEnve\Apache\htdocs\ebg\Yii\web\CController.php(291): CFilterChain->run()
#12 F:\phpEnve\Apache\htdocs\ebg\Yii\web\CController.php(265): CController->runActionWithFilters(Object(CInlineAction), Array)
#13 F:\phpEnve\Apache\htdocs\ebg\Yii\web\CWebApplication.php(282): CController->run('demandShow')
#14 F:\phpEnve\Apache\htdocs\ebg\Yii\web\CWebApplication.php(141): CWebApplication->runController('supply/demandSh...')
#15 F:\phpEnve\Apache\htdocs\ebg\Yii\base\CApplication.php(184): CWebApplication->processRequest()
#16 F:\phpEnve\Apache\htdocs\ebg\merApi\index.php(17): CApplication->run()
#17 {main}
REQUEST_URI=/merApi/supply.demandShow
---
2016/03/09 16:34:55 [error] [system.db.CDbCommand] CDbCommand::fetch() failed: SQLSTATE[42000]: Syntax error or access violation: 1064 You have an error in your SQL syntax; check the manual that corresponds to your MySQL server version for the right syntax to use near '' at line 1. The SQL statement executed was: SELECT * FROM supply_goods AS s left JOIN user_merchant AS m ON s.merchant_id= m.uid where s.id=80 AND type=.
2016/03/09 16:34:55 [error] [exception.CDbException] exception 'CDbException' with message 'CDbCommand 无法执行 SQL 语句: SQLSTATE[42000]: Syntax error or access violation: 1064 You have an error in your SQL syntax; check the manual that corresponds to your MySQL server version for the right syntax to use near '' at line 1' in F:\phpEnve\Apache\htdocs\ebg\Yii\db\CDbCommand.php:543
Stack trace:
#0 F:\phpEnve\Apache\htdocs\ebg\Yii\db\CDbCommand.php(415): CDbCommand->queryInternal('fetch', Array, Array)
#1 F:\phpEnve\Apache\htdocs\ebg\Yii\extensions\ebg\ExtModels.php(47): CDbCommand->queryRow(true, Array)
#2 F:\phpEnve\Apache\htdocs\ebg\merApi\protected\models\Supply.php(309): ExtModels->queryRow('SELECT * FROM s...')
#3 F:\phpEnve\Apache\htdocs\ebg\merApi\protected\models\Supply.php(296): Supply->getInfo(80, NULL)
#4 F:\phpEnve\Apache\htdocs\ebg\merApi\protected\controllers\SupplyController.php(318): Supply->getDemandShow(80, Object(CPagination), 1, NULL)
#5 F:\phpEnve\Apache\htdocs\ebg\Yii\web\actions\CInlineAction.php(49): SupplyController->actionDemandShow()
#6 F:\phpEnve\Apache\htdocs\ebg\Yii\web\CController.php(308): CInlineAction->runWithParams(Array)
#7 F:\phpEnve\Apache\htdocs\ebg\Yii\web\filters\CFilterChain.php(133): CController->runAction(Object(CInlineAction))
#8 F:\phpEnve\Apache\htdocs\ebg\merApi\protected\components\ApiController.php(59): CFilterChain->run()
#9 F:\phpEnve\Apache\htdocs\ebg\Yii\web\filters\CInlineFilter.php(58): ApiController->filterCheckLogin(Object(CFilterChain))
#10 F:\phpEnve\Apache\htdocs\ebg\Yii\web\filters\CFilterChain.php(130): CInlineFilter->filter(Object(CFilterChain))
#11 F:\phpEnve\Apache\htdocs\ebg\Yii\web\CController.php(291): CFilterChain->run()
#12 F:\phpEnve\Apache\htdocs\ebg\Yii\web\CController.php(265): CController->runActionWithFilters(Object(CInlineAction), Array)
#13 F:\phpEnve\Apache\htdocs\ebg\Yii\web\CWebApplication.php(282): CController->run('demandShow')
#14 F:\phpEnve\Apache\htdocs\ebg\Yii\web\CWebApplication.php(141): CWebApplication->runController('supply/demandSh...')
#15 F:\phpEnve\Apache\htdocs\ebg\Yii\base\CApplication.php(184): CWebApplication->processRequest()
#16 F:\phpEnve\Apache\htdocs\ebg\merApi\index.php(17): CApplication->run()
#17 {main}
REQUEST_URI=/merApi/supply.demandShow
---
2016/03/10 15:12:29 [error] [system.db.CDbCommand] CDbCommand::fetchAll() failed: SQLSTATE[23000]: Integrity constraint violation: 1052 Column 'merchant_id' in where clause is ambiguous. The SQL statement executed was: SELECT sg.*,u.phone FROM supply_goods as sg LEFT JOIN user as u on sg.merchant_id=u.id WHERE sg.type=1 AND merchant_id=105 LIMIT 0,6.
2016/03/10 15:12:30 [error] [exception.CDbException] exception 'CDbException' with message 'CDbCommand 无法执行 SQL 语句: SQLSTATE[23000]: Integrity constraint violation: 1052 Column 'merchant_id' in where clause is ambiguous' in F:\phpEnve\Apache\htdocs\ebg\Yii\db\CDbCommand.php:543
Stack trace:
#0 F:\phpEnve\Apache\htdocs\ebg\Yii\db\CDbCommand.php(396): CDbCommand->queryInternal('fetchAll', Array, Array)
#1 F:\phpEnve\Apache\htdocs\ebg\Yii\extensions\ebg\ExtModels.php(35): CDbCommand->queryAll(true, Array)
#2 F:\phpEnve\Apache\htdocs\ebg\merApi\protected\models\Personal.php(419): ExtModels->queryAll('SELECT sg.*,u.p...')
#3 F:\phpEnve\Apache\htdocs\ebg\merApi\protected\controllers\PersonalController.php(321): Personal->getMerSup(Object(PersonForm), Object(CPagination), '1')
#4 F:\phpEnve\Apache\htdocs\ebg\Yii\web\actions\CInlineAction.php(49): PersonalController->actionMerSupply()
#5 F:\phpEnve\Apache\htdocs\ebg\Yii\web\CController.php(308): CInlineAction->runWithParams(Array)
#6 F:\phpEnve\Apache\htdocs\ebg\Yii\web\filters\CFilterChain.php(133): CController->runAction(Object(CInlineAction))
#7 F:\phpEnve\Apache\htdocs\ebg\merApi\protected\components\ApiController.php(59): CFilterChain->run()
#8 F:\phpEnve\Apache\htdocs\ebg\Yii\web\filters\CInlineFilter.php(58): ApiController->filterCheckLogin(Object(CFilterChain))
#9 F:\phpEnve\Apache\htdocs\ebg\Yii\web\filters\CFilterChain.php(130): CInlineFilter->filter(Object(CFilterChain))
#10 F:\phpEnve\Apache\htdocs\ebg\Yii\web\CController.php(291): CFilterChain->run()
#11 F:\phpEnve\Apache\htdocs\ebg\Yii\web\CController.php(265): CController->runActionWithFilters(Object(CInlineAction), Array)
#12 F:\phpEnve\Apache\htdocs\ebg\Yii\web\CWebApplication.php(282): CController->run('merSupply')
#13 F:\phpEnve\Apache\htdocs\ebg\Yii\web\CWebApplication.php(141): CWebApplication->runController('personal/merSup...')
#14 F:\phpEnve\Apache\htdocs\ebg\Yii\base\CApplication.php(184): CWebApplication->processRequest()
#15 F:\phpEnve\Apache\htdocs\ebg\merApi\index.php(17): CApplication->run()
#16 {main}
REQUEST_URI=/merApi/personal.merSupply
---
2016/03/16 17:57:47 [error] [php] Undefined index: scope (F:\phpEnve\Apache\htdocs\ebg\merApi\protected\models\Personal.php:19)
Stack trace:
#0 F:\phpEnve\Apache\htdocs\ebg\Yii\web\actions\CInlineAction.php(49): PersonalController->actionShop()
#1 F:\phpEnve\Apache\htdocs\ebg\Yii\web\CController.php(308): CInlineAction->runWithParams()
#2 F:\phpEnve\Apache\htdocs\ebg\Yii\web\filters\CFilterChain.php(133): PersonalController->runAction()
#3 F:\phpEnve\Apache\htdocs\ebg\merApi\protected\components\ApiController.php(59): CFilterChain->run()
#4 F:\phpEnve\Apache\htdocs\ebg\Yii\web\filters\CInlineFilter.php(58): PersonalController->filterCheckLogin()
#5 F:\phpEnve\Apache\htdocs\ebg\Yii\web\filters\CFilterChain.php(130): CInlineFilter->filter()
#6 F:\phpEnve\Apache\htdocs\ebg\Yii\web\CController.php(291): CFilterChain->run()
#7 F:\phpEnve\Apache\htdocs\ebg\Yii\web\CController.php(265): PersonalController->runActionWithFilters()
#8 F:\phpEnve\Apache\htdocs\ebg\Yii\web\CWebApplication.php(282): PersonalController->run()
#9 F:\phpEnve\Apache\htdocs\ebg\Yii\web\CWebApplication.php(141): CWebApplication->runController()
#10 F:\phpEnve\Apache\htdocs\ebg\Yii\base\CApplication.php(184): CWebApplication->processRequest()
#11 F:\phpEnve\Apache\htdocs\ebg\merApi\index.php(15): CWebApplication->run()
REQUEST_URI=/merApi/personal.shop
in F:\phpEnve\Apache\htdocs\ebg\merApi\protected\models\Personal.php (19)
in F:\phpEnve\Apache\htdocs\ebg\merApi\protected\models\Personal.php (10)
in F:\phpEnve\Apache\htdocs\ebg\merApi\protected\controllers\PersonalController.php (116)
2016/03/16 18:00:53 [error] [php] Undefined index: scope (F:\phpEnve\Apache\htdocs\ebg\merApi\protected\models\Personal.php:19)
Stack trace:
#0 F:\phpEnve\Apache\htdocs\ebg\Yii\web\actions\CInlineAction.php(49): PersonalController->actionShop()
#1 F:\phpEnve\Apache\htdocs\ebg\Yii\web\CController.php(308): CInlineAction->runWithParams()
#2 F:\phpEnve\Apache\htdocs\ebg\Yii\web\filters\CFilterChain.php(133): PersonalController->runAction()
#3 F:\phpEnve\Apache\htdocs\ebg\merApi\protected\components\ApiController.php(59): CFilterChain->run()
#4 F:\phpEnve\Apache\htdocs\ebg\Yii\web\filters\CInlineFilter.php(58): PersonalController->filterCheckLogin()
#5 F:\phpEnve\Apache\htdocs\ebg\Yii\web\filters\CFilterChain.php(130): CInlineFilter->filter()
#6 F:\phpEnve\Apache\htdocs\ebg\Yii\web\CController.php(291): CFilterChain->run()
#7 F:\phpEnve\Apache\htdocs\ebg\Yii\web\CController.php(265): PersonalController->runActionWithFilters()
#8 F:\phpEnve\Apache\htdocs\ebg\Yii\web\CWebApplication.php(282): PersonalController->run()
#9 F:\phpEnve\Apache\htdocs\ebg\Yii\web\CWebApplication.php(141): CWebApplication->runController()
#10 F:\phpEnve\Apache\htdocs\ebg\Yii\base\CApplication.php(184): CWebApplication->processRequest()
#11 F:\phpEnve\Apache\htdocs\ebg\merApi\index.php(15): CWebApplication->run()
REQUEST_URI=/merApi/personal.shop
2016/03/16 18:01:22 [error] [php] Undefined index: scope (F:\phpEnve\Apache\htdocs\ebg\merApi\protected\models\Personal.php:19)
Stack trace:
#0 F:\phpEnve\Apache\htdocs\ebg\Yii\web\actions\CInlineAction.php(49): PersonalController->actionShop()
#1 F:\phpEnve\Apache\htdocs\ebg\Yii\web\CController.php(308): CInlineAction->runWithParams()
#2 F:\phpEnve\Apache\htdocs\ebg\Yii\web\filters\CFilterChain.php(133): PersonalController->runAction()
#3 F:\phpEnve\Apache\htdocs\ebg\merApi\protected\components\ApiController.php(59): CFilterChain->run()
#4 F:\phpEnve\Apache\htdocs\ebg\Yii\web\filters\CInlineFilter.php(58): PersonalController->filterCheckLogin()
#5 F:\phpEnve\Apache\htdocs\ebg\Yii\web\filters\CFilterChain.php(130): CInlineFilter->filter()
#6 F:\phpEnve\Apache\htdocs\ebg\Yii\web\CController.php(291): CFilterChain->run()
#7 F:\phpEnve\Apache\htdocs\ebg\Yii\web\CController.php(265): PersonalController->runActionWithFilters()
#8 F:\phpEnve\Apache\htdocs\ebg\Yii\web\CWebApplication.php(282): PersonalController->run()
#9 F:\phpEnve\Apache\htdocs\ebg\Yii\web\CWebApplication.php(141): CWebApplication->runController()
#10 F:\phpEnve\Apache\htdocs\ebg\Yii\base\CApplication.php(184): CWebApplication->processRequest()
#11 F:\phpEnve\Apache\htdocs\ebg\merApi\index.php(15): CWebApplication->run()
REQUEST_URI=/merApi/personal.shop
