2016/03/07 20:07:26 [error] [exception.CHttpException.404] exception 'CHttpException' with message '无法解析请求 "home/index"。' in E:\htdocs\ebangon.com\Yii\web\CWebApplication.php:286
Stack trace:
#0 E:\htdocs\ebangon.com\Yii\web\CWebApplication.php(141): CWebApplication->runController('home/index')
#1 E:\htdocs\ebangon.com\Yii\base\CApplication.php(184): CWebApplication->processRequest()
#2 E:\htdocs\ebangon.com\webApp\api\index.php(13): CApplication->run()
#3 {main}
REQUEST_URI=/webApp/api/
---
2016/03/10 09:34:21 [error] [system.db.CDbCommand] CDbCommand::execute() failed: SQLSTATE[42S02]: Base table or view not found: 1146 Table 'ebangon.yii_web_user_session' doesn't exist. The SQL statement executed was: DELETE FROM `yii_web_user_session` WHERE expire<:expire.
2016/03/10 14:08:33 [error] [exception.CHttpException.404] exception 'CHttpException' with message '系统无法找到请求的 "userToCompany" 动作.' in F:\phpEnve\Apache\htdocs\ebg\Yii\web\CController.php:483
Stack trace:
#0 F:\phpEnve\Apache\htdocs\ebg\Yii\web\CController.php(270): CController->missingAction('userToCompany')
#1 F:\phpEnve\Apache\htdocs\ebg\Yii\web\CWebApplication.php(282): CController->run('userToCompany')
#2 F:\phpEnve\Apache\htdocs\ebg\Yii\web\CWebApplication.php(141): CWebApplication->runController('usercenter/user...')
#3 F:\phpEnve\Apache\htdocs\ebg\Yii\base\CApplication.php(184): CWebApplication->processRequest()
#4 F:\phpEnve\Apache\htdocs\ebg\webApp\api\index.php(12): CApplication->run()
#5 {main}
REQUEST_URI=/webApp/api/usercenter.userToCompany
---
2016/03/10 15:40:01 [error] [exception.CHttpException.404] exception 'CHttpException' with message '系统无法找到请求的 "dict_on_id" 动作.' in F:\phpEnve\Apache\htdocs\ebg\Yii\web\CController.php:483
Stack trace:
#0 F:\phpEnve\Apache\htdocs\ebg\Yii\web\CController.php(270): CController->missingAction('dict_on_id')
#1 F:\phpEnve\Apache\htdocs\ebg\Yii\web\CWebApplication.php(282): CController->run('dict_on_id')
#2 F:\phpEnve\Apache\htdocs\ebg\Yii\web\CWebApplication.php(141): CWebApplication->runController('usercenter/dict...')
#3 F:\phpEnve\Apache\htdocs\ebg\Yii\base\CApplication.php(184): CWebApplication->processRequest()
#4 F:\phpEnve\Apache\htdocs\ebg\webApp\api\index.php(12): CApplication->run()
#5 {main}
REQUEST_URI=/webApp/api/usercenter.dict_on_id
---
2016/03/10 15:42:32 [error] [system.db.CDbCommand] CDbCommand::execute() failed: SQLSTATE[23000]: Integrity constraint violation: 1048 Column 'com_address' cannot be null. The SQL statement executed was: INSERT INTO `user_company` (`com_name`, `dict_on_id`, `dict_two_id`, `dict_three_id`, `com_address`, `com_num`, `com_property`, `com_license`, `com_tax`, `com_org`, `com_license_timeout`) VALUES (:com_name, :dict_on_id, :dict_two_id, :dict_three_id, :com_address, :com_num, :com_property, :com_license, :com_tax, :com_org, :com_license_timeout).
2016/03/18 15:12:46 [error] [system.db.CDbCommand] CDbCommand::fetch() failed: SQLSTATE[42000]: Syntax error or access violation: 1064 You have an error in your SQL syntax; check the manual that corresponds to your MySQL server version for the right syntax to use near '`user_company` WHERE uid=98 LIMIT 1' at line 1. The SQL statement executed was: SELECT *   `user_company` WHERE uid=98 LIMIT 1.
2016/03/18 15:12:46 [error] [exception.CDbException] exception 'CDbException' with message 'CDbCommand 无法执行 SQL 语句: SQLSTATE[42000]: Syntax error or access violation: 1064 You have an error in your SQL syntax; check the manual that corresponds to your MySQL server version for the right syntax to use near '`user_company` WHERE uid=98 LIMIT 1' at line 1' in F:\phpEnve\Apache\htdocs\ebg\Yii\db\CDbCommand.php:543
Stack trace:
#0 F:\phpEnve\Apache\htdocs\ebg\Yii\db\CDbCommand.php(415): CDbCommand->queryInternal('fetch', Array, Array)
#1 F:\phpEnve\Apache\htdocs\ebg\Yii\extensions\ebg\ExtModels.php(47): CDbCommand->queryRow(true, Array)
#2 F:\phpEnve\Apache\htdocs\ebg\webApp\api\protected\models\CompanyUser.php(58): ExtModels->queryRow('SELECT *   `use...')
#3 F:\phpEnve\Apache\htdocs\ebg\webApp\api\protected\controllers\CompanyUserController.php(68): CompanyUser->delPurchase()
#4 F:\phpEnve\Apache\htdocs\ebg\Yii\web\actions\CInlineAction.php(49): CompanyUserController->actionDelPurchase()
#5 F:\phpEnve\Apache\htdocs\ebg\Yii\web\CController.php(308): CInlineAction->runWithParams(Array)
#6 F:\phpEnve\Apache\htdocs\ebg\Yii\web\filters\CFilterChain.php(133): CController->runAction(Object(CInlineAction))
#7 F:\phpEnve\Apache\htdocs\ebg\webApp\api\protected\components\WebApiController.php(55): CFilterChain->run()
#8 F:\phpEnve\Apache\htdocs\ebg\Yii\web\filters\CInlineFilter.php(58): WebApiController->filterCheckLogin(Object(CFilterChain))
#9 F:\phpEnve\Apache\htdocs\ebg\Yii\web\filters\CFilterChain.php(130): CInlineFilter->filter(Object(CFilterChain))
#10 F:\phpEnve\Apache\htdocs\ebg\Yii\web\CController.php(291): CFilterChain->run()
#11 F:\phpEnve\Apache\htdocs\ebg\Yii\web\CController.php(265): CController->runActionWithFilters(Object(CInlineAction), Array)
#12 F:\phpEnve\Apache\htdocs\ebg\Yii\web\CWebApplication.php(282): CController->run('delPurchase')
#13 F:\phpEnve\Apache\htdocs\ebg\Yii\web\CWebApplication.php(141): CWebApplication->runController('companyUser/del...')
#14 F:\phpEnve\Apache\htdocs\ebg\Yii\base\CApplication.php(184): CWebApplication->processRequest()
#15 F:\phpEnve\Apache\htdocs\ebg\webApp\api\index.php(14): CApplication->run()
#16 {main}
REQUEST_URI=/webApp/api/companyUser.delPurchase
---
2016/03/18 16:30:34 [error] [system.db.CDbCommand] CDbCommand::fetch() failed: SQLSTATE[42S02]: Base table or view not found: 1146 Table 'ebangon.import_json' doesn't exist. The SQL statement executed was: SELECT
                    u.phone,
                    u.exp,
                    u.money,
                    u.status_id,
                    u.user_code,
                    u.nickname,
                    u.face,
                    u.fraction,
                    uls.name,
                    ij.user_code,
                    udi.realname,
                    udi.sex,
                    udi.address,
                    udi.birthday,
                    udi.dict_one_id,
                    udi.dict_two_id,
                    udi.dict_three_id
            FROM
                    user AS u
            LEFT JOIN user_layer_setting AS uls ON u.user_type = uls.user_type
            LEFT JOIN import_json AS ij ON u.id = ij.uid
            LEFT JOIN user_detail_info AS udi ON u.id = udi.user_id
            WHERE
                    u.id =98
            LIMIT 1 .
2016/03/18 16:30:34 [error] [exception.CDbException] exception 'CDbException' with message 'CDbCommand 无法执行 SQL 语句: SQLSTATE[42S02]: Base table or view not found: 1146 Table 'ebangon.import_json' doesn't exist' in F:\phpEnve\Apache\htdocs\ebg\Yii\db\CDbCommand.php:543
Stack trace:
#0 F:\phpEnve\Apache\htdocs\ebg\Yii\db\CDbCommand.php(415): CDbCommand->queryInternal('fetch', Array, Array)
#1 F:\phpEnve\Apache\htdocs\ebg\Yii\extensions\ebg\ExtModels.php(47): CDbCommand->queryRow(true, Array)
#2 F:\phpEnve\Apache\htdocs\ebg\webApp\api\protected\models\Usercenter.php(46): ExtModels->queryRow('SELECT??       ...')
#3 F:\phpEnve\Apache\htdocs\ebg\webApp\api\protected\models\Usercenter.php(6): Usercenter->getBaseInfo()
#4 F:\phpEnve\Apache\htdocs\ebg\webApp\api\protected\controllers\UsercenterController.php(8): Usercenter->getUserInfo()
#5 F:\phpEnve\Apache\htdocs\ebg\Yii\web\actions\CInlineAction.php(49): UsercenterController->actionUserInfo()
#6 F:\phpEnve\Apache\htdocs\ebg\Yii\web\CController.php(308): CInlineAction->runWithParams(Array)
#7 F:\phpEnve\Apache\htdocs\ebg\Yii\web\filters\CFilterChain.php(133): CController->runAction(Object(CInlineAction))
#8 F:\phpEnve\Apache\htdocs\ebg\webApp\api\protected\components\WebApiController.php(55): CFilterChain->run()
#9 F:\phpEnve\Apache\htdocs\ebg\Yii\web\filters\CInlineFilter.php(58): WebApiController->filterCheckLogin(Object(CFilterChain))
#10 F:\phpEnve\Apache\htdocs\ebg\Yii\web\filters\CFilterChain.php(130): CInlineFilter->filter(Object(CFilterChain))
#11 F:\phpEnve\Apache\htdocs\ebg\Yii\web\CController.php(291): CFilterChain->run()
#12 F:\phpEnve\Apache\htdocs\ebg\Yii\web\CController.php(265): CController->runActionWithFilters(Object(CInlineAction), Array)
#13 F:\phpEnve\Apache\htdocs\ebg\Yii\web\CWebApplication.php(282): CController->run('userInfo')
#14 F:\phpEnve\Apache\htdocs\ebg\Yii\web\CWebApplication.php(141): CWebApplication->runController('usercenter/user...')
#15 F:\phpEnve\Apache\htdocs\ebg\Yii\base\CApplication.php(184): CWebApplication->processRequest()
#16 F:\phpEnve\Apache\htdocs\ebg\webApp\api\index.php(14): CApplication->run()
#17 {main}
REQUEST_URI=/webApp/api/usercenter.userInfo
---
2016/03/18 17:08:06 [error] [system.db.CDbCommand] CDbCommand::fetchAll() failed: SQLSTATE[42S22]: Column not found: 1054 Unknown column 'O7459' in 'where clause'. The SQL statement executed was: select * from purchase_goods where purchase_sn=O7459-7467-5634.
2016/03/18 17:08:06 [error] [exception.CDbException] exception 'CDbException' with message 'CDbCommand 无法执行 SQL 语句: SQLSTATE[42S22]: Column not found: 1054 Unknown column 'O7459' in 'where clause'' in F:\phpEnve\Apache\htdocs\ebg\Yii\db\CDbCommand.php:543
Stack trace:
#0 F:\phpEnve\Apache\htdocs\ebg\Yii\db\CDbCommand.php(396): CDbCommand->queryInternal('fetchAll', Array, Array)
#1 F:\phpEnve\Apache\htdocs\ebg\Yii\extensions\ebg\ExtModels.php(35): CDbCommand->queryAll(true, Array)
#2 F:\phpEnve\Apache\htdocs\ebg\webApp\api\protected\models\CompanyUser.php(75): ExtModels->queryAll('select * from p...')
#3 F:\phpEnve\Apache\htdocs\ebg\webApp\api\protected\controllers\CompanyUserController.php(83): CompanyUser->getPurchaseGoodsInfo(7, 1)
#4 F:\phpEnve\Apache\htdocs\ebg\Yii\web\actions\CInlineAction.php(49): CompanyUserController->actionSplit()
#5 F:\phpEnve\Apache\htdocs\ebg\Yii\web\CController.php(308): CInlineAction->runWithParams(Array)
#6 F:\phpEnve\Apache\htdocs\ebg\Yii\web\filters\CFilterChain.php(133): CController->runAction(Object(CInlineAction))
#7 F:\phpEnve\Apache\htdocs\ebg\webApp\api\protected\components\WebApiController.php(55): CFilterChain->run()
#8 F:\phpEnve\Apache\htdocs\ebg\Yii\web\filters\CInlineFilter.php(58): WebApiController->filterCheckLogin(Object(CFilterChain))
#9 F:\phpEnve\Apache\htdocs\ebg\Yii\web\filters\CFilterChain.php(130): CInlineFilter->filter(Object(CFilterChain))
#10 F:\phpEnve\Apache\htdocs\ebg\Yii\web\CController.php(291): CFilterChain->run()
#11 F:\phpEnve\Apache\htdocs\ebg\Yii\web\CController.php(265): CController->runActionWithFilters(Object(CInlineAction), Array)
#12 F:\phpEnve\Apache\htdocs\ebg\Yii\web\CWebApplication.php(282): CController->run('split')
#13 F:\phpEnve\Apache\htdocs\ebg\Yii\web\CWebApplication.php(141): CWebApplication->runController('companyUser/spl...')
#14 F:\phpEnve\Apache\htdocs\ebg\Yii\base\CApplication.php(184): CWebApplication->processRequest()
#15 F:\phpEnve\Apache\htdocs\ebg\webApp\api\index.php(14): CApplication->run()
#16 {main}
REQUEST_URI=/webApp/api/companyUser.split
---
2016/03/18 20:46:20 [error] [php] Undefined variable: new_phone (F:\phpEnve\Apache\htdocs\ebg\webApp\api\protected\controllers\UsercenterController.php:320)
Stack trace:
#0 F:\phpEnve\Apache\htdocs\ebg\Yii\web\filters\CFilterChain.php(133): UsercenterController->runAction()
#1 F:\phpEnve\Apache\htdocs\ebg\webApp\api\protected\components\WebApiController.php(56): CFilterChain->run()
#2 F:\phpEnve\Apache\htdocs\ebg\Yii\web\filters\CInlineFilter.php(58): UsercenterController->filterCheckLogin()
#3 F:\phpEnve\Apache\htdocs\ebg\Yii\web\filters\CFilterChain.php(130): CInlineFilter->filter()
#4 F:\phpEnve\Apache\htdocs\ebg\Yii\web\CController.php(291): CFilterChain->run()
#5 F:\phpEnve\Apache\htdocs\ebg\Yii\web\CController.php(265): UsercenterController->runActionWithFilters()
#6 F:\phpEnve\Apache\htdocs\ebg\Yii\web\CWebApplication.php(282): UsercenterController->run()
#7 F:\phpEnve\Apache\htdocs\ebg\Yii\web\CWebApplication.php(141): CWebApplication->runController()
#8 F:\phpEnve\Apache\htdocs\ebg\Yii\base\CApplication.php(184): CWebApplication->processRequest()
#9 F:\phpEnve\Apache\htdocs\ebg\webApp\api\index.php(14): CWebApplication->run()
REQUEST_URI=/webApp/api/usercenter.modifyPhone
2016/03/18 20:46:49 [error] [php] Undefined variable: new_phone (F:\phpEnve\Apache\htdocs\ebg\webApp\api\protected\controllers\UsercenterController.php:320)
Stack trace:
#0 F:\phpEnve\Apache\htdocs\ebg\Yii\web\filters\CFilterChain.php(133): UsercenterController->runAction()
#1 F:\phpEnve\Apache\htdocs\ebg\webApp\api\protected\components\WebApiController.php(56): CFilterChain->run()
#2 F:\phpEnve\Apache\htdocs\ebg\Yii\web\filters\CInlineFilter.php(58): UsercenterController->filterCheckLogin()
#3 F:\phpEnve\Apache\htdocs\ebg\Yii\web\filters\CFilterChain.php(130): CInlineFilter->filter()
#4 F:\phpEnve\Apache\htdocs\ebg\Yii\web\CController.php(291): CFilterChain->run()
#5 F:\phpEnve\Apache\htdocs\ebg\Yii\web\CController.php(265): UsercenterController->runActionWithFilters()
#6 F:\phpEnve\Apache\htdocs\ebg\Yii\web\CWebApplication.php(282): UsercenterController->run()
#7 F:\phpEnve\Apache\htdocs\ebg\Yii\web\CWebApplication.php(141): CWebApplication->runController()
#8 F:\phpEnve\Apache\htdocs\ebg\Yii\base\CApplication.php(184): CWebApplication->processRequest()
#9 F:\phpEnve\Apache\htdocs\ebg\webApp\api\index.php(14): CWebApplication->run()
REQUEST_URI=/webApp/api/usercenter.modifyPhone
2016/03/18 20:47:36 [error] [php] Undefined variable: new_phone (F:\phpEnve\Apache\htdocs\ebg\webApp\api\protected\controllers\UsercenterController.php:320)
Stack trace:
#0 F:\phpEnve\Apache\htdocs\ebg\Yii\web\filters\CFilterChain.php(133): UsercenterController->runAction()
#1 F:\phpEnve\Apache\htdocs\ebg\webApp\api\protected\components\WebApiController.php(56): CFilterChain->run()
#2 F:\phpEnve\Apache\htdocs\ebg\Yii\web\filters\CInlineFilter.php(58): UsercenterController->filterCheckLogin()
#3 F:\phpEnve\Apache\htdocs\ebg\Yii\web\filters\CFilterChain.php(130): CInlineFilter->filter()
#4 F:\phpEnve\Apache\htdocs\ebg\Yii\web\CController.php(291): CFilterChain->run()
#5 F:\phpEnve\Apache\htdocs\ebg\Yii\web\CController.php(265): UsercenterController->runActionWithFilters()
#6 F:\phpEnve\Apache\htdocs\ebg\Yii\web\CWebApplication.php(282): UsercenterController->run()
#7 F:\phpEnve\Apache\htdocs\ebg\Yii\web\CWebApplication.php(141): CWebApplication->runController()
#8 F:\phpEnve\Apache\htdocs\ebg\Yii\base\CApplication.php(184): CWebApplication->processRequest()
#9 F:\phpEnve\Apache\htdocs\ebg\webApp\api\index.php(14): CWebApplication->run()
REQUEST_URI=/webApp/api/usercenter.modifyPhone
2016/03/18 20:48:16 [error] [php] Undefined variable: new_phone (F:\phpEnve\Apache\htdocs\ebg\webApp\api\protected\controllers\UsercenterController.php:320)
Stack trace:
#0 F:\phpEnve\Apache\htdocs\ebg\Yii\web\filters\CFilterChain.php(133): UsercenterController->runAction()
#1 F:\phpEnve\Apache\htdocs\ebg\webApp\api\protected\components\WebApiController.php(56): CFilterChain->run()
#2 F:\phpEnve\Apache\htdocs\ebg\Yii\web\filters\CInlineFilter.php(58): UsercenterController->filterCheckLogin()
#3 F:\phpEnve\Apache\htdocs\ebg\Yii\web\filters\CFilterChain.php(130): CInlineFilter->filter()
#4 F:\phpEnve\Apache\htdocs\ebg\Yii\web\CController.php(291): CFilterChain->run()
#5 F:\phpEnve\Apache\htdocs\ebg\Yii\web\CController.php(265): UsercenterController->runActionWithFilters()
#6 F:\phpEnve\Apache\htdocs\ebg\Yii\web\CWebApplication.php(282): UsercenterController->run()
#7 F:\phpEnve\Apache\htdocs\ebg\Yii\web\CWebApplication.php(141): CWebApplication->runController()
#8 F:\phpEnve\Apache\htdocs\ebg\Yii\base\CApplication.php(184): CWebApplication->processRequest()
#9 F:\phpEnve\Apache\htdocs\ebg\webApp\api\index.php(14): CWebApplication->run()
REQUEST_URI=/webApp/api/usercenter.modifyPhone
