2016/02/24 22:47:18 [error] [system.db.CDbCommand] CDbCommand::fetchAll() failed: SQLSTATE[42000]: Syntax error or access violation: 1064 You have an error in your SQL syntax; check the manual that corresponds to your MySQL server version for the right syntax to use near '-1800' at line 1. The SQL statement executed was: -1800.
2016/02/24 22:47:18 [error] [exception.CDbException] exception 'CDbException' with message 'CDbCommand 无法执行 SQL 语句: SQLSTATE[42000]: Syntax error or access violation: 1064 You have an error in your SQL syntax; check the manual that corresponds to your MySQL server version for the right syntax to use near '-1800' at line 1' in E:\htdocs\ebangon.com\Yii\db\CDbCommand.php:543
Stack trace:
#0 E:\htdocs\ebangon.com\Yii\db\CDbCommand.php(396): CDbCommand->queryInternal('fetchAll', Array, Array)
#1 E:\htdocs\ebangon.com\Yii\extensions\ebg\ExtModels.php(35): CDbCommand->queryAll(true, Array)
#2 E:\htdocs\ebangon.com\schedule\protected\models\Orders.php(12): ExtModels->queryAll(-1800)
#3 E:\htdocs\ebangon.com\schedule\protected\controllers\OrdersController.php(20): Orders->autoCloseOrders()
#4 E:\htdocs\ebangon.com\Yii\web\actions\CInlineAction.php(49): OrdersController->actionAutoCloseOrders()
#5 E:\htdocs\ebangon.com\Yii\web\CController.php(308): CInlineAction->runWithParams(Array)
#6 E:\htdocs\ebangon.com\Yii\web\CController.php(286): CController->runAction(Object(CInlineAction))
#7 E:\htdocs\ebangon.com\Yii\web\CController.php(265): CController->runActionWithFilters(Object(CInlineAction), Array)
#8 E:\htdocs\ebangon.com\Yii\web\CWebApplication.php(282): CController->run('autoCloseOrders')
#9 E:\htdocs\ebangon.com\Yii\web\CWebApplication.php(141): CWebApplication->runController('orders/autoClos...')
#10 E:\htdocs\ebangon.com\Yii\base\CApplication.php(184): CWebApplication->processRequest()
#11 E:\htdocs\ebangon.com\schedule\index.php(11): CApplication->run()
#12 {main}
REQUEST_URI=/schedule/orders.autoCloseOrders
---
2016/02/24 22:47:34 [error] [system.db.CDbCommand] CDbCommand::fetchAll() failed: SQLSTATE[42000]: Syntax error or access violation: 1064 You have an error in your SQL syntax; check the manual that corresponds to your MySQL server version for the right syntax to use near 'create_time>1456323454' at line 1. The SQL statement executed was: SELECT order_sn FROM orders WHERE order_status_id=101 AND pay_type=1 AND parent_order_sn!=1 AND is_pay=0 create_time>1456323454.
2016/02/24 22:47:34 [error] [exception.CDbException] exception 'CDbException' with message 'CDbCommand 无法执行 SQL 语句: SQLSTATE[42000]: Syntax error or access violation: 1064 You have an error in your SQL syntax; check the manual that corresponds to your MySQL server version for the right syntax to use near 'create_time>1456323454' at line 1' in E:\htdocs\ebangon.com\Yii\db\CDbCommand.php:543
Stack trace:
#0 E:\htdocs\ebangon.com\Yii\db\CDbCommand.php(396): CDbCommand->queryInternal('fetchAll', Array, Array)
#1 E:\htdocs\ebangon.com\Yii\extensions\ebg\ExtModels.php(35): CDbCommand->queryAll(true, Array)
#2 E:\htdocs\ebangon.com\schedule\protected\models\Orders.php(12): ExtModels->queryAll('SELECT order_sn...')
#3 E:\htdocs\ebangon.com\schedule\protected\controllers\OrdersController.php(20): Orders->autoCloseOrders()
#4 E:\htdocs\ebangon.com\Yii\web\actions\CInlineAction.php(49): OrdersController->actionAutoCloseOrders()
#5 E:\htdocs\ebangon.com\Yii\web\CController.php(308): CInlineAction->runWithParams(Array)
#6 E:\htdocs\ebangon.com\Yii\web\CController.php(286): CController->runAction(Object(CInlineAction))
#7 E:\htdocs\ebangon.com\Yii\web\CController.php(265): CController->runActionWithFilters(Object(CInlineAction), Array)
#8 E:\htdocs\ebangon.com\Yii\web\CWebApplication.php(282): CController->run('autoCloseOrders')
#9 E:\htdocs\ebangon.com\Yii\web\CWebApplication.php(141): CWebApplication->runController('orders/autoClos...')
#10 E:\htdocs\ebangon.com\Yii\base\CApplication.php(184): CWebApplication->processRequest()
#11 E:\htdocs\ebangon.com\schedule\index.php(11): CApplication->run()
#12 {main}
REQUEST_URI=/schedule/orders.autoCloseOrders
---
2016/02/26 13:46:00 [error] [exception.CHttpException.404] exception 'CHttpException' with message '无法解析请求 "setUser.changeUserCode."。' in E:\htdocs\ebangon.com\Yii\web\CWebApplication.php:286
Stack trace:
#0 E:\htdocs\ebangon.com\Yii\web\CWebApplication.php(141): CWebApplication->runController('setUser.changeU...')
#1 E:\htdocs\ebangon.com\Yii\base\CApplication.php(184): CWebApplication->processRequest()
#2 E:\htdocs\ebangon.com\schedule\index.php(11): CApplication->run()
#3 {main}
REQUEST_URI=/schedule/setUser.changeUserCode.
---
